Fetching 29 files:   0%|          | 0/29 [00:00<?, ?it/s]Downloading 'README.md' to '/fs04/scratch2/lf93/vfvic1/hf_cache/hub/models--CohereLabs--aya-expanse-32b/blobs/46c132a8b7c1edee6c212c56adc53a7848da31e8.incomplete'
Downloading '.gitattributes' to '/fs04/scratch2/lf93/vfvic1/hf_cache/hub/models--CohereLabs--aya-expanse-32b/blobs/3fa11cf28964c9f847869a90e94a97c47b68b5a5.incomplete'
Downloading 'assets/aya-expanse-32B.png' to '/fs04/scratch2/lf93/vfvic1/hf_cache/hub/models--CohereLabs--aya-expanse-32b/blobs/2ae20fef69b6494c8ab4fea51bf50edc1633685559480c246d7f56db90c4fec0.incomplete'
Downloading 'assets/winrates_dolly_32b.png' to '/fs04/scratch2/lf93/vfvic1/hf_cache/hub/models--CohereLabs--aya-expanse-32b/blobs/edf2a779d28802b6b8ae9e1f759670b4dcd9dffd.incomplete'
Downloading 'config.json' to '/fs04/scratch2/lf93/vfvic1/hf_cache/hub/models--CohereLabs--aya-expanse-32b/blobs/3584ee537e9a76cdac7928abf7c8ade1c58cf708.incomplete'
Downloading 'aya-expanse-32B.png' to '/fs04/scratch2/lf93/vfvic1/hf_cache/hub/models--CohereLabs--aya-expanse-32b/blobs/8e524ad244290c3642125b5b6a70a8d2a9e6e64a.incomplete'
Downloading 'assets/winrates_marenahard_complete.png' to '/fs04/scratch2/lf93/vfvic1/hf_cache/hub/models--CohereLabs--aya-expanse-32b/blobs/dfddfdc542178817d34ae2d80d7efa64738c05021b0a34ea2d738d30e4ebb2c5.incomplete'
Downloading 'generation_config.json' to '/fs04/scratch2/lf93/vfvic1/hf_cache/hub/models--CohereLabs--aya-expanse-32b/blobs/3081a1762f9567adae7b187f95eeff880bf474cc.incomplete'
Download complete. Moving file to /fs04/scratch2/lf93/vfvic1/hf_cache/hub/models--CohereLabs--aya-expanse-32b/blobs/46c132a8b7c1edee6c212c56adc53a7848da31e8
Download complete. Moving file to /fs04/scratch2/lf93/vfvic1/hf_cache/hub/models--CohereLabs--aya-expanse-32b/blobs/3fa11cf28964c9f847869a90e94a97c47b68b5a5
Download complete. Moving file to /fs04/scratch2/lf93/vfvic1/hf_cache/hub/models--CohereLabs--aya-expanse-32b/blobs/3081a1762f9567adae7b187f95eeff880bf474cc
Fetching 29 files:   3%|▎         | 1/29 [00:00<00:16,  1.65it/s]Download complete. Moving file to /fs04/scratch2/lf93/vfvic1/hf_cache/hub/models--CohereLabs--aya-expanse-32b/blobs/edf2a779d28802b6b8ae9e1f759670b4dcd9dffd
Download complete. Moving file to /fs04/scratch2/lf93/vfvic1/hf_cache/hub/models--CohereLabs--aya-expanse-32b/blobs/3584ee537e9a76cdac7928abf7c8ade1c58cf708
Downloading 'model-00001-of-00014.safetensors' to '/fs04/scratch2/lf93/vfvic1/hf_cache/hub/models--CohereLabs--aya-expanse-32b/blobs/6f949230e7b55297fc58a24f481ffa388954a6436f0c5e1c419a94c8548487c9.incomplete'
Downloading 'model-00002-of-00014.safetensors' to '/fs04/scratch2/lf93/vfvic1/hf_cache/hub/models--CohereLabs--aya-expanse-32b/blobs/f207bc12c590241be199649d983d51a17f34963635d9c06c991c4b88472f01ff.incomplete'
Downloading 'model-00003-of-00014.safetensors' to '/fs04/scratch2/lf93/vfvic1/hf_cache/hub/models--CohereLabs--aya-expanse-32b/blobs/e183a8aad7d527986df34f2c40489ce9cd9027d515b63dcdb3779b9b2032e886.incomplete'
Downloading 'model-00004-of-00014.safetensors' to '/fs04/scratch2/lf93/vfvic1/hf_cache/hub/models--CohereLabs--aya-expanse-32b/blobs/30667d1d885ce5660588594e2e41428ad07427b8e618fc20795b783a32e9ed78.incomplete'
Downloading 'model-00005-of-00014.safetensors' to '/fs04/scratch2/lf93/vfvic1/hf_cache/hub/models--CohereLabs--aya-expanse-32b/blobs/4c6876f75e168b62a95a7035c39d7732b442f5b1fe52ef364bc8633396a8bcfe.incomplete'
Download complete. Moving file to /fs04/scratch2/lf93/vfvic1/hf_cache/hub/models--CohereLabs--aya-expanse-32b/blobs/8e524ad244290c3642125b5b6a70a8d2a9e6e64a
Downloading 'model-00006-of-00014.safetensors' to '/fs04/scratch2/lf93/vfvic1/hf_cache/hub/models--CohereLabs--aya-expanse-32b/blobs/7b4466898c4d526d3b539780d4d611ca6636321690f3007c09b04f7e40f88e1f.incomplete'
Download complete. Moving file to /fs04/scratch2/lf93/vfvic1/hf_cache/hub/models--CohereLabs--aya-expanse-32b/blobs/dfddfdc542178817d34ae2d80d7efa64738c05021b0a34ea2d738d30e4ebb2c5
Download complete. Moving file to /fs04/scratch2/lf93/vfvic1/hf_cache/hub/models--CohereLabs--aya-expanse-32b/blobs/2ae20fef69b6494c8ab4fea51bf50edc1633685559480c246d7f56db90c4fec0
Fetching 29 files:  10%|█         | 3/29 [00:03<00:36,  1.39s/it]Downloading 'model-00008-of-00014.safetensors' to '/fs04/scratch2/lf93/vfvic1/hf_cache/hub/models--CohereLabs--aya-expanse-32b/blobs/f189e4478009795ee63b56d1c03653f9734d802a14ea44acc46ea7670d6fc693.incomplete'
Downloading 'model-00007-of-00014.safetensors' to '/fs04/scratch2/lf93/vfvic1/hf_cache/hub/models--CohereLabs--aya-expanse-32b/blobs/8ea8556aaef9b0abe1ca1fea7f163c62ffa6f7f3183aded4d2c01ad84b91c18b.incomplete'
Download complete. Moving file to /fs04/scratch2/lf93/vfvic1/hf_cache/hub/models--CohereLabs--aya-expanse-32b/blobs/4c6876f75e168b62a95a7035c39d7732b442f5b1fe52ef364bc8633396a8bcfe
Downloading 'model-00009-of-00014.safetensors' to '/fs04/scratch2/lf93/vfvic1/hf_cache/hub/models--CohereLabs--aya-expanse-32b/blobs/ffac21f772dc3153b27b583ff92ecc715c8c076f25075667ceace2fcfd2dd8fc.incomplete'
Download complete. Moving file to /fs04/scratch2/lf93/vfvic1/hf_cache/hub/models--CohereLabs--aya-expanse-32b/blobs/e183a8aad7d527986df34f2c40489ce9cd9027d515b63dcdb3779b9b2032e886
Downloading 'model-00010-of-00014.safetensors' to '/fs04/scratch2/lf93/vfvic1/hf_cache/hub/models--CohereLabs--aya-expanse-32b/blobs/3649b6d1df6f45e747e6e3d1ccfd861133741b7adf9bb43ba60094186c57f83a.incomplete'
Download complete. Moving file to /fs04/scratch2/lf93/vfvic1/hf_cache/hub/models--CohereLabs--aya-expanse-32b/blobs/7b4466898c4d526d3b539780d4d611ca6636321690f3007c09b04f7e40f88e1f
Downloading 'model-00011-of-00014.safetensors' to '/fs04/scratch2/lf93/vfvic1/hf_cache/hub/models--CohereLabs--aya-expanse-32b/blobs/bf7672e7b6457c80e298e1f6275c1e351d87f95b2cc19c58d8bf5e5e5af8830d.incomplete'
Download complete. Moving file to /fs04/scratch2/lf93/vfvic1/hf_cache/hub/models--CohereLabs--aya-expanse-32b/blobs/30667d1d885ce5660588594e2e41428ad07427b8e618fc20795b783a32e9ed78
Downloading 'model-00012-of-00014.safetensors' to '/fs04/scratch2/lf93/vfvic1/hf_cache/hub/models--CohereLabs--aya-expanse-32b/blobs/f46d73cd4242a6fb55373a960580a0cfbb1585124a6367d414711fb9ed23f70c.incomplete'
Download complete. Moving file to /fs04/scratch2/lf93/vfvic1/hf_cache/hub/models--CohereLabs--aya-expanse-32b/blobs/6f949230e7b55297fc58a24f481ffa388954a6436f0c5e1c419a94c8548487c9
Fetching 29 files:  31%|███       | 9/29 [02:49<07:05, 21.27s/it]Downloading 'model-00013-of-00014.safetensors' to '/fs04/scratch2/lf93/vfvic1/hf_cache/hub/models--CohereLabs--aya-expanse-32b/blobs/8d08950d61bb5b9ca5f0a21dd0f710e647b12dc50649981173dadd6f05633e4b.incomplete'
Download complete. Moving file to /fs04/scratch2/lf93/vfvic1/hf_cache/hub/models--CohereLabs--aya-expanse-32b/blobs/f189e4478009795ee63b56d1c03653f9734d802a14ea44acc46ea7670d6fc693
Download complete. Moving file to /fs04/scratch2/lf93/vfvic1/hf_cache/hub/models--CohereLabs--aya-expanse-32b/blobs/f207bc12c590241be199649d983d51a17f34963635d9c06c991c4b88472f01ff
Download complete. Moving file to /fs04/scratch2/lf93/vfvic1/hf_cache/hub/models--CohereLabs--aya-expanse-32b/blobs/8ea8556aaef9b0abe1ca1fea7f163c62ffa6f7f3183aded4d2c01ad84b91c18b
Fetching 29 files:  34%|███▍      | 10/29 [02:49<05:43, 18.09s/it]Downloading 'model-00014-of-00014.safetensors' to '/fs04/scratch2/lf93/vfvic1/hf_cache/hub/models--CohereLabs--aya-expanse-32b/blobs/5c93d2b482022cd44b532e0b66f90e7a68a9b44d9f9d32ed631029f3ce48f570.incomplete'
Downloading 'model.safetensors.index.json' to '/fs04/scratch2/lf93/vfvic1/hf_cache/hub/models--CohereLabs--aya-expanse-32b/blobs/094092e878bb4afe5c38e9f899657fc25eab0b6c.incomplete'
Downloading 'special_tokens_map.json' to '/fs04/scratch2/lf93/vfvic1/hf_cache/hub/models--CohereLabs--aya-expanse-32b/blobs/cf33f2e5e3a66711d05c07c8047dcdb59005494e.incomplete'
Download complete. Moving file to /fs04/scratch2/lf93/vfvic1/hf_cache/hub/models--CohereLabs--aya-expanse-32b/blobs/094092e878bb4afe5c38e9f899657fc25eab0b6c
Download complete. Moving file to /fs04/scratch2/lf93/vfvic1/hf_cache/hub/models--CohereLabs--aya-expanse-32b/blobs/cf33f2e5e3a66711d05c07c8047dcdb59005494e
Downloading 'tokenizer.json' to '/fs04/scratch2/lf93/vfvic1/hf_cache/hub/models--CohereLabs--aya-expanse-32b/blobs/c69a7ea6c0927dfac8c349186ebcf0466a4723c21cbdb2e850cf559f0bee92b8.incomplete'
Downloading 'tokenizer_config.json' to '/fs04/scratch2/lf93/vfvic1/hf_cache/hub/models--CohereLabs--aya-expanse-32b/blobs/cda9c2b2bf5ab424e30b1bf8faf9b42dfcc27519.incomplete'
Download complete. Moving file to /fs04/scratch2/lf93/vfvic1/hf_cache/hub/models--CohereLabs--aya-expanse-32b/blobs/cda9c2b2bf5ab424e30b1bf8faf9b42dfcc27519
Downloading 'winrates_marenahard.png' to '/fs04/scratch2/lf93/vfvic1/hf_cache/hub/models--CohereLabs--aya-expanse-32b/blobs/a2daa13b45da91f4271ab4001259fe3e5e0366db.incomplete'
Download complete. Moving file to /fs04/scratch2/lf93/vfvic1/hf_cache/hub/models--CohereLabs--aya-expanse-32b/blobs/a2daa13b45da91f4271ab4001259fe3e5e0366db
Downloading 'winrates_marenahard_complete.png' to '/fs04/scratch2/lf93/vfvic1/hf_cache/hub/models--CohereLabs--aya-expanse-32b/blobs/8c8bf59e8ef3b6c66b53d21dca6fc50e63522aca.incomplete'
Download complete. Moving file to /fs04/scratch2/lf93/vfvic1/hf_cache/hub/models--CohereLabs--aya-expanse-32b/blobs/8c8bf59e8ef3b6c66b53d21dca6fc50e63522aca
Download complete. Moving file to /fs04/scratch2/lf93/vfvic1/hf_cache/hub/models--CohereLabs--aya-expanse-32b/blobs/c69a7ea6c0927dfac8c349186ebcf0466a4723c21cbdb2e850cf559f0bee92b8
Download complete. Moving file to /fs04/scratch2/lf93/vfvic1/hf_cache/hub/models--CohereLabs--aya-expanse-32b/blobs/5c93d2b482022cd44b532e0b66f90e7a68a9b44d9f9d32ed631029f3ce48f570
Download complete. Moving file to /fs04/scratch2/lf93/vfvic1/hf_cache/hub/models--CohereLabs--aya-expanse-32b/blobs/ffac21f772dc3153b27b583ff92ecc715c8c076f25075667ceace2fcfd2dd8fc
Fetching 29 files:  59%|█████▊    | 17/29 [04:07<02:46, 13.90s/it]Download complete. Moving file to /fs04/scratch2/lf93/vfvic1/hf_cache/hub/models--CohereLabs--aya-expanse-32b/blobs/3649b6d1df6f45e747e6e3d1ccfd861133741b7adf9bb43ba60094186c57f83a
Fetching 29 files:  62%|██████▏   | 18/29 [04:35<02:49, 15.39s/it]Download complete. Moving file to /fs04/scratch2/lf93/vfvic1/hf_cache/hub/models--CohereLabs--aya-expanse-32b/blobs/f46d73cd4242a6fb55373a960580a0cfbb1585124a6367d414711fb9ed23f70c
Download complete. Moving file to /fs04/scratch2/lf93/vfvic1/hf_cache/hub/models--CohereLabs--aya-expanse-32b/blobs/bf7672e7b6457c80e298e1f6275c1e351d87f95b2cc19c58d8bf5e5e5af8830d
Fetching 29 files:  66%|██████▌   | 19/29 [04:42<02:23, 14.34s/it]Download complete. Moving file to /fs04/scratch2/lf93/vfvic1/hf_cache/hub/models--CohereLabs--aya-expanse-32b/blobs/8d08950d61bb5b9ca5f0a21dd0f710e647b12dc50649981173dadd6f05633e4b
Fetching 29 files:  72%|███████▏  | 21/29 [04:44<01:24, 10.52s/it]Fetching 29 files: 100%|██████████| 29/29 [04:44<00:00,  9.80s/it]
/fs04/scratch2/lf93/vfvic1/hf_cache/hub/models--CohereLabs--aya-expanse-32b/snapshots/b306ea27e360683b50c005d7fcbad6a242317910
